<?xml version="1.0" encoding="UTF-8"?>
<testng-results skipped="0" failed="0" total="3" passed="3">
  <reporter-output>
  </reporter-output>
  <suite name="Default suite" duration-ms="60" started-at="2013-10-09T04:31:45Z" finished-at="2013-10-09T04:31:45Z">
    <groups>
      <group name="EIC_CHECKER_TEST">
        <method signature="EIC_CheckerTest.testCheckValid()[pri:0, instance:com.eex.intranet.portlet.EIC_CheckerTest@32e02ddd]" name="testCheckValid" class="com.eex.intranet.portlet.EIC_CheckerTest"/>
        <method signature="EIC_CheckerTest.testInValid()[pri:0, instance:com.eex.intranet.portlet.EIC_CheckerTest@32e02ddd]" name="testInValid" class="com.eex.intranet.portlet.EIC_CheckerTest"/>
        <method signature="EIC_CheckerTest.testRandomEicCode()[pri:0, instance:com.eex.intranet.portlet.EIC_CheckerTest@32e02ddd]" name="testRandomEicCode" class="com.eex.intranet.portlet.EIC_CheckerTest"/>
      </group> <!-- EIC_CHECKER_TEST -->
    </groups>
    <test name="Default test" duration-ms="60" started-at="2013-10-09T04:31:45Z" finished-at="2013-10-09T04:31:45Z">
      <class name="com.eex.intranet.portlet.EIC_CheckerTest">
        <test-method status="PASS" signature="setupLog4J()[pri:0, instance:com.eex.intranet.portlet.EIC_CheckerTest@32e02ddd]" name="setupLog4J" is-config="true" duration-ms="58" started-at="2013-10-09T11:31:45Z" finished-at="2013-10-09T11:31:45Z">
          <reporter-output>
          </reporter-output>
        </test-method> <!-- setupLog4J -->
        <test-method status="PASS" signature="setupMockito()[pri:0, instance:com.eex.intranet.portlet.EIC_CheckerTest@32e02ddd]" name="setupMockito" is-config="true" duration-ms="24" started-at="2013-10-09T11:31:45Z" finished-at="2013-10-09T11:31:45Z">
          <reporter-output>
          </reporter-output>
        </test-method> <!-- setupMockito -->
        <test-method status="PASS" signature="testCheckValid()[pri:0, instance:com.eex.intranet.portlet.EIC_CheckerTest@32e02ddd]" name="testCheckValid" duration-ms="6" started-at="2013-10-09T11:31:45Z" finished-at="2013-10-09T11:31:45Z">
          <reporter-output>
          </reporter-output>
        </test-method> <!-- testCheckValid -->
        <test-method status="PASS" signature="logAfterTest()[pri:0, instance:com.eex.intranet.portlet.EIC_CheckerTest@32e02ddd]" name="logAfterTest" is-config="true" duration-ms="4" started-at="2013-10-09T11:31:45Z" finished-at="2013-10-09T11:31:45Z">
          <reporter-output>
          </reporter-output>
        </test-method> <!-- logAfterTest -->
        <test-method status="PASS" signature="testInValid()[pri:0, instance:com.eex.intranet.portlet.EIC_CheckerTest@32e02ddd]" name="testInValid" duration-ms="1" started-at="2013-10-09T11:31:45Z" finished-at="2013-10-09T11:31:45Z">
          <reporter-output>
          </reporter-output>
        </test-method> <!-- testInValid -->
        <test-method status="PASS" signature="logAfterTest()[pri:0, instance:com.eex.intranet.portlet.EIC_CheckerTest@32e02ddd]" name="logAfterTest" is-config="true" duration-ms="0" started-at="2013-10-09T11:31:45Z" finished-at="2013-10-09T11:31:45Z">
          <reporter-output>
          </reporter-output>
        </test-method> <!-- logAfterTest -->
        <test-method status="PASS" signature="testRandomEicCode()[pri:0, instance:com.eex.intranet.portlet.EIC_CheckerTest@32e02ddd]" name="testRandomEicCode" duration-ms="12" started-at="2013-10-09T11:31:45Z" finished-at="2013-10-09T11:31:45Z">
          <reporter-output>
          </reporter-output>
        </test-method> <!-- testRandomEicCode -->
        <test-method status="PASS" signature="logAfterTest()[pri:0, instance:com.eex.intranet.portlet.EIC_CheckerTest@32e02ddd]" name="logAfterTest" is-config="true" duration-ms="0" started-at="2013-10-09T11:31:45Z" finished-at="2013-10-09T11:31:45Z">
          <reporter-output>
          </reporter-output>
        </test-method> <!-- logAfterTest -->
      </class> <!-- com.eex.intranet.portlet.EIC_CheckerTest -->
    </test> <!-- Default test -->
  </suite> <!-- Default suite -->
</testng-results>
