<?xml version="1.0" encoding="UTF-8"?>
<!-- Generated by org.testng.reporters.JUnitXMLReporter -->
<testsuite hostname="PC326" name="Default test" tests="5" failures="0" timestamp="9 Oct 2013 04:22:59 GMT" time="0.588" errors="0">
  <testcase name="testInsertUserInformationList" time="0.328" classname="de.eex.intranet.portal.services.UserInformationServiceIntegrationTest"/>
  <testcase name="testInsertUserInformation" time="0.067" classname="de.eex.intranet.portal.services.UserInformationServiceIntegrationTest"/>
  <testcase name="testLimitedUserInformations" time="0.028" classname="de.eex.intranet.portal.services.UserInformationServiceIntegrationTest"/>
  <testcase name="testGetUserInformationByName" time="0.048" classname="de.eex.intranet.portal.services.UserInformationServiceIntegrationTest"/>
  <testcase name="testDeleteUserInformation" time="0.101" classname="de.eex.intranet.portal.services.UserInformationServiceIntegrationTest"/>
</testsuite> <!-- Default test -->
